<?xml version="1.0" encoding="UTF-8"?>
<testng-results ignored="0" total="15" passed="14" failed="1" skipped="0">
  <reporter-output>
  </reporter-output>
  <suite started-at="2022-03-21T12:20:41 PKT" name="APITests" finished-at="2022-03-21T12:21:02 PKT" duration-ms="20838">
    <groups>
    </groups>
    <test started-at="2022-03-21T12:20:41 PKT" name="Complete test run" finished-at="2022-03-21T12:21:02 PKT" duration-ms="20838">
      <class name="Testcases.UpdateRecordAPI">
        <test-method signature="UpdateUserRecordAPI(java.lang.String,java.lang.String,java.lang.String)[pri:0, instance:Testcases.UpdateRecordAPI@279fedbd]" started-at="2022-03-21T12:20:56 PKT" name="UpdateUserRecordAPI" data-provider="updatedata" finished-at="2022-03-21T12:20:57 PKT" duration-ms="1140" status="PASS">
          <params>
            <param index="0">
              <value>
                <![CDATA[2]]>
              </value>
            </param>
            <param index="1">
              <value>
                <![CDATA[qasim]]>
              </value>
            </param>
            <param index="2">
              <value>
                <![CDATA[SSTE]]>
              </value>
            </param>
          </params>
          <reporter-output>
          </reporter-output>
        </test-method> <!-- UpdateUserRecordAPI -->
        <test-method signature="UpdateUserRecordAPI(java.lang.String,java.lang.String,java.lang.String)[pri:0, instance:Testcases.UpdateRecordAPI@279fedbd]" started-at="2022-03-21T12:20:57 PKT" name="UpdateUserRecordAPI" data-provider="updatedata" finished-at="2022-03-21T12:20:58 PKT" duration-ms="764" status="PASS">
          <params>
            <param index="0">
              <value>
                <![CDATA[3]]>
              </value>
            </param>
            <param index="1">
              <value>
                <![CDATA[TestUser]]>
              </value>
            </param>
            <param index="2">
              <value>
                <![CDATA[DBA]]>
              </value>
            </param>
          </params>
          <reporter-output>
          </reporter-output>
        </test-method> <!-- UpdateUserRecordAPI -->
      </class> <!-- Testcases.UpdateRecordAPI -->
      <class name="Testcases.PassingJSON">
        <test-method signature="CreateUserAPI(java.lang.String)[pri:0, instance:Testcases.PassingJSON@45c7e403]" started-at="2022-03-21T12:21:01 PKT" name="CreateUserAPI" data-provider="userdataprovide" finished-at="2022-03-21T12:21:02 PKT" duration-ms="1018" status="PASS">
          <params>
            <param index="0">
              <value>
                <![CDATA[{
    "name": "morpheus",
    "job": "leader"
}]]>
              </value>
            </param>
          </params>
          <reporter-output>
          </reporter-output>
        </test-method> <!-- CreateUserAPI -->
      </class> <!-- Testcases.PassingJSON -->
      <class name="Testcases.DeleteRecordAPI">
        <test-method signature="DeleteUser(java.lang.String)[pri:0, instance:Testcases.DeleteRecordAPI@b3ca52e]" started-at="2022-03-21T12:20:58 PKT" name="DeleteUser" data-provider="GetUserID" finished-at="2022-03-21T12:20:59 PKT" duration-ms="758" status="PASS">
          <params>
            <param index="0">
              <value>
                <![CDATA[5]]>
              </value>
            </param>
          </params>
          <reporter-output>
          </reporter-output>
        </test-method> <!-- DeleteUser -->
        <test-method signature="DeleteUser(java.lang.String)[pri:0, instance:Testcases.DeleteRecordAPI@b3ca52e]" started-at="2022-03-21T12:20:59 PKT" name="DeleteUser" data-provider="GetUserID" finished-at="2022-03-21T12:21:01 PKT" duration-ms="1997" status="PASS">
          <params>
            <param index="0">
              <value>
                <![CDATA[6]]>
              </value>
            </param>
          </params>
          <reporter-output>
          </reporter-output>
        </test-method> <!-- DeleteUser -->
      </class> <!-- Testcases.DeleteRecordAPI -->
      <class name="Testcases.CreateNewUserAPI">
        <test-method signature="addNewUserAPI(java.lang.String,java.lang.String)[pri:0, instance:Testcases.CreateNewUserAPI@179ece50]" started-at="2022-03-21T12:20:42 PKT" name="addNewUserAPI" data-provider="userdataprovide" finished-at="2022-03-21T12:20:45 PKT" duration-ms="2960" status="PASS">
          <params>
            <param index="0">
              <value>
                <![CDATA[test1]]>
              </value>
            </param>
            <param index="1">
              <value>
                <![CDATA[SQA]]>
              </value>
            </param>
          </params>
          <reporter-output>
          </reporter-output>
        </test-method> <!-- addNewUserAPI -->
        <test-method signature="addNewUserAPI(java.lang.String,java.lang.String)[pri:0, instance:Testcases.CreateNewUserAPI@179ece50]" started-at="2022-03-21T12:20:45 PKT" name="addNewUserAPI" data-provider="userdataprovide" finished-at="2022-03-21T12:20:46 PKT" duration-ms="869" status="PASS">
          <params>
            <param index="0">
              <value>
                <![CDATA[test2]]>
              </value>
            </param>
            <param index="1">
              <value>
                <![CDATA[DBA]]>
              </value>
            </param>
          </params>
          <reporter-output>
          </reporter-output>
        </test-method> <!-- addNewUserAPI -->
        <test-method signature="addNewUserAPI(java.lang.String,java.lang.String)[pri:0, instance:Testcases.CreateNewUserAPI@179ece50]" started-at="2022-03-21T12:20:46 PKT" name="addNewUserAPI" data-provider="userdataprovide" finished-at="2022-03-21T12:20:47 PKT" duration-ms="985" status="PASS">
          <params>
            <param index="0">
              <value>
                <![CDATA[test3]]>
              </value>
            </param>
            <param index="1">
              <value>
                <![CDATA[PM]]>
              </value>
            </param>
          </params>
          <reporter-output>
          </reporter-output>
        </test-method> <!-- addNewUserAPI -->
        <test-method signature="addNewUserAPI(java.lang.String,java.lang.String)[pri:0, instance:Testcases.CreateNewUserAPI@179ece50]" started-at="2022-03-21T12:20:47 PKT" name="addNewUserAPI" data-provider="userdataprovide" finished-at="2022-03-21T12:20:48 PKT" duration-ms="1167" status="PASS">
          <params>
            <param index="0">
              <value>
                <![CDATA[test4]]>
              </value>
            </param>
            <param index="1">
              <value>
                <![CDATA[Developer]]>
              </value>
            </param>
          </params>
          <reporter-output>
          </reporter-output>
        </test-method> <!-- addNewUserAPI -->
        <test-method signature="addNewUserAPI(java.lang.String,java.lang.String)[pri:0, instance:Testcases.CreateNewUserAPI@179ece50]" started-at="2022-03-21T12:20:48 PKT" name="addNewUserAPI" data-provider="userdataprovide" finished-at="2022-03-21T12:20:49 PKT" duration-ms="1599" status="PASS">
          <params>
            <param index="0">
              <value>
                <![CDATA[test5]]>
              </value>
            </param>
            <param index="1">
              <value>
                <![CDATA[Architect]]>
              </value>
            </param>
          </params>
          <reporter-output>
          </reporter-output>
        </test-method> <!-- addNewUserAPI -->
      </class> <!-- Testcases.CreateNewUserAPI -->
      <class name="Testcases.GetSingleUserAPI">
        <test-method signature="GetsingleUserAPI(java.lang.String)[pri:0, instance:Testcases.GetSingleUserAPI@752325ad]" started-at="2022-03-21T12:20:50 PKT" name="GetsingleUserAPI" data-provider="GetUserID" finished-at="2022-03-21T12:20:50 PKT" duration-ms="781" status="PASS">
          <params>
            <param index="0">
              <value>
                <![CDATA[1]]>
              </value>
            </param>
          </params>
          <reporter-output>
          </reporter-output>
        </test-method> <!-- GetsingleUserAPI -->
        <test-method signature="GetsingleUserAPI(java.lang.String)[pri:0, instance:Testcases.GetSingleUserAPI@752325ad]" started-at="2022-03-21T12:20:50 PKT" name="GetsingleUserAPI" data-provider="GetUserID" finished-at="2022-03-21T12:20:52 PKT" duration-ms="1298" status="PASS">
          <params>
            <param index="0">
              <value>
                <![CDATA[2]]>
              </value>
            </param>
          </params>
          <reporter-output>
          </reporter-output>
        </test-method> <!-- GetsingleUserAPI -->
        <test-method signature="GetsingleUserAPI(java.lang.String)[pri:0, instance:Testcases.GetSingleUserAPI@752325ad]" started-at="2022-03-21T12:20:52 PKT" name="GetsingleUserAPI" data-provider="GetUserID" finished-at="2022-03-21T12:20:53 PKT" duration-ms="1271" status="PASS">
          <params>
            <param index="0">
              <value>
                <![CDATA[3]]>
              </value>
            </param>
          </params>
          <reporter-output>
          </reporter-output>
        </test-method> <!-- GetsingleUserAPI -->
        <test-method signature="GetsingleUserAPI(java.lang.String)[pri:0, instance:Testcases.GetSingleUserAPI@752325ad]" started-at="2022-03-21T12:20:53 PKT" name="GetsingleUserAPI" data-provider="GetUserID" finished-at="2022-03-21T12:20:54 PKT" duration-ms="1407" status="PASS">
          <params>
            <param index="0">
              <value>
                <![CDATA[4]]>
              </value>
            </param>
          </params>
          <reporter-output>
          </reporter-output>
        </test-method> <!-- GetsingleUserAPI -->
        <test-method signature="GetsingleUserAPI(java.lang.String)[pri:0, instance:Testcases.GetSingleUserAPI@752325ad]" started-at="2022-03-21T12:20:54 PKT" name="GetsingleUserAPI" data-provider="GetUserID" finished-at="2022-03-21T12:20:56 PKT" duration-ms="1330" status="FAIL">
          <params>
            <param index="0">
              <value>
                <![CDATA[23]]>
              </value>
            </param>
          </params>
          <exception class="java.lang.AssertionError">
            <message>
              <![CDATA[expected [true] but found [false]]]>
            </message>
            <full-stacktrace>
              <![CDATA[java.lang.AssertionError: expected [true] but found [false]
at org.testng.Assert.fail(Assert.java:99)
at org.testng.Assert.failNotEquals(Assert.java:1037)
at org.testng.Assert.assertEqualsImpl(Assert.java:140)
at org.testng.Assert.assertEquals(Assert.java:122)
at org.testng.Assert.assertEquals(Assert.java:819)
at org.testng.Assert.assertEquals(Assert.java:829)
at Testcases.GetSingleUserAPI.GetsingleUserAPI(GetSingleUserAPI.java:41)
at java.base/jdk.internal.reflect.NativeMethodAccessorImpl.invoke0(Native Method)
at java.base/jdk.internal.reflect.NativeMethodAccessorImpl.invoke(NativeMethodAccessorImpl.java:62)
at java.base/jdk.internal.reflect.DelegatingMethodAccessorImpl.invoke(DelegatingMethodAccessorImpl.java:43)
at java.base/java.lang.reflect.Method.invoke(Method.java:566)
at org.testng.internal.MethodInvocationHelper.invokeMethod(MethodInvocationHelper.java:133)
at org.testng.internal.TestInvoker.invokeMethod(TestInvoker.java:598)
at org.testng.internal.TestInvoker.invokeTestMethod(TestInvoker.java:173)
at org.testng.internal.MethodRunner.runInSequence(MethodRunner.java:46)
at org.testng.internal.TestInvoker$MethodInvocationAgent.invoke(TestInvoker.java:824)
at org.testng.internal.TestInvoker.invokeTestMethods(TestInvoker.java:146)
at org.testng.internal.TestMethodWorker.invokeTestMethods(TestMethodWorker.java:146)
at org.testng.internal.TestMethodWorker.run(TestMethodWorker.java:128)
at java.base/java.util.ArrayList.forEach(ArrayList.java:1541)
at org.testng.TestRunner.privateRun(TestRunner.java:794)
at org.testng.TestRunner.run(TestRunner.java:596)
at org.testng.SuiteRunner.runTest(SuiteRunner.java:377)
at org.testng.SuiteRunner.access$000(SuiteRunner.java:28)
at org.testng.SuiteRunner$SuiteWorker.run(SuiteRunner.java:418)
at org.testng.internal.thread.ThreadUtil.lambda$execute$0(ThreadUtil.java:64)
at java.base/java.util.concurrent.FutureTask.run(FutureTask.java:264)
at java.base/java.util.concurrent.ThreadPoolExecutor.runWorker(ThreadPoolExecutor.java:1128)
at java.base/java.util.concurrent.ThreadPoolExecutor$Worker.run(ThreadPoolExecutor.java:628)
at java.base/java.lang.Thread.run(Thread.java:834)
]]>
            </full-stacktrace>
          </exception> <!-- java.lang.AssertionError -->
          <reporter-output>
          </reporter-output>
        </test-method> <!-- GetsingleUserAPI -->
      </class> <!-- Testcases.GetSingleUserAPI -->
    </test> <!-- Complete test run -->
  </suite> <!-- APITests -->
</testng-results>
